# JRE version: OpenJDK Runtime Environment (11.0.12+7) (build 11.0.12+7-b1504.28-7817840)
# Java VM: OpenJDK 64-Bit Server VM (11.0.12+7-b1504.28-7817840, mixed mode, tiered, compressed oops, g1 gc, windows-amd64)
Heap:
 garbage-first heap   total 129024K, used 70197K [0x0000000080000000, 0x0000000100000000)
  region size 1024K, 38 young (38912K), 2 survivors (2048K)
 Metaspace       used 39491K, capacity 40569K, committed 40704K, reserved 1085440K
  class space    used 5121K, capacity 5512K, committed 5632K, reserved 1048576K
GC Heap History (12 events):
Event: 6.351 GC heap before
{Heap before GC invocations=0 (full 0):
 garbage-first heap   total 129024K, used 30720K [0x0000000080000000, 0x0000000100000000)
  region size 1024K, 24 young (24576K), 0 survivors (0K)
 Metaspace       used 9885K, capacity 10122K, committed 10368K, reserved 1058816K
  class space    used 1029K, capacity 1102K, committed 1152K, reserved 1048576K
}
Event: 6.365 GC heap after
{Heap after GC invocations=1 (full 0):
 garbage-first heap   total 129024K, used 9270K [0x0000000080000000, 0x0000000100000000)
  region size 1024K, 3 young (3072K), 3 survivors (3072K)
 Metaspace       used 9885K, capacity 10122K, committed 10368K, reserved 1058816K
  class space    used 1029K, capacity 1102K, committed 1152K, reserved 1048576K
}
Event: 24.317 GC heap before
{Heap before GC invocations=1 (full 0):
 garbage-first heap   total 129024K, used 82998K [0x0000000080000000, 0x0000000100000000)
  region size 1024K, 75 young (76800K), 3 survivors (3072K)
 Metaspace       used 17985K, capacity 18408K, committed 18688K, reserved 1064960K
  class space    used 2118K, capacity 2258K, committed 2304K, reserved 1048576K
}
Event: 24.383 GC heap after
{Heap after GC invocations=2 (full 0):
 garbage-first heap   total 129024K, used 16150K [0x0000000080000000, 0x0000000100000000)
  region size 1024K, 10 young (10240K), 10 survivors (10240K)
 Metaspace       used 17985K, capacity 18408K, committed 18688K, reserved 1064960K
  class space    used 2118K, capacity 2258K, committed 2304K, reserved 1048576K
}
Event: 27.708 GC heap before
{Heap before GC invocations=2 (full 0):
 garbage-first heap   total 129024K, used 42774K [0x0000000080000000, 0x0000000100000000)
  region size 1024K, 37 young (37888K), 10 survivors (10240K)
 Metaspace       used 20672K, capacity 21153K, committed 21248K, reserved 1067008K
  class space    used 2533K, capacity 2726K, committed 2816K, reserved 1048576K
}
Event: 27.728 GC heap after
{Heap after GC invocations=3 (full 0):
 garbage-first heap   total 129024K, used 17357K [0x0000000080000000, 0x0000000100000000)
  region size 1024K, 2 young (2048K), 2 survivors (2048K)
 Metaspace       used 20672K, capacity 21153K, committed 21248K, reserved 1067008K
  class space    used 2533K, capacity 2726K, committed 2816K, reserved 1048576K
}
Event: 31.835 GC heap before
{Heap before GC invocations=4 (full 0):
 garbage-first heap   total 129024K, used 70605K [0x0000000080000000, 0x0000000100000000)
  region size 1024K, 55 young (56320K), 2 survivors (2048K)
 Metaspace       used 26490K, capacity 27057K, committed 27264K, reserved 1073152K
  class space    used 3425K, capacity 3635K, committed 3712K, reserved 1048576K
}
Event: 31.843 GC heap after
{Heap after GC invocations=5 (full 0):
 garbage-first heap   total 129024K, used 19066K [0x0000000080000000, 0x0000000100000000)
  region size 1024K, 3 young (3072K), 3 survivors (3072K)
 Metaspace       used 26490K, capacity 27057K, committed 27264K, reserved 1073152K
  class space    used 3425K, capacity 3635K, committed 3712K, reserved 1048576K
}
Event: 43.755 GC heap before
{Heap before GC invocations=5 (full 0):
 garbage-first heap   total 129024K, used 91770K [0x0000000080000000, 0x0000000100000000)
  region size 1024K, 64 young (65536K), 3 survivors (3072K)
 Metaspace       used 31499K, capacity 32411K, committed 32512K, reserved 1077248K
  class space    used 4224K, capacity 4544K, committed 4608K, reserved 1048576K
}
Event: 43.766 GC heap after
{Heap after GC invocations=6 (full 0):
 garbage-first heap   total 129024K, used 33903K [0x0000000080000000, 0x0000000100000000)
  region size 1024K, 8 young (8192K), 8 survivors (8192K)
 Metaspace       used 31499K, capacity 32411K, committed 32512K, reserved 1077248K
  class space    used 4224K, capacity 4544K, committed 4608K, reserved 1048576K
}
Event: 46.726 GC heap before
{Heap before GC invocations=6 (full 0):
 garbage-first heap   total 129024K, used 54383K [0x0000000080000000, 0x0000000100000000)
  region size 1024K, 29 young (29696K), 8 survivors (8192K)
 Metaspace       used 34728K, capacity 35701K, committed 35840K, reserved 1079296K
  class space    used 4644K, capacity 5002K, committed 5120K, reserved 1048576K
}
Event: 46.760 GC heap after
{Heap after GC invocations=7 (full 0):
 garbage-first heap   total 129024K, used 35381K [0x0000000080000000, 0x0000000100000000)
  region size 1024K, 2 young (2048K), 2 survivors (2048K)
 Metaspace       used 34728K, capacity 35701K, committed 35840K, reserved 1079296K
  class space    used 4644K, capacity 5002K, committed 5120K, reserved 1048576K
}

